<?xml version="1.0" encoding="UTF-8"?>
<!-- Generated by org.testng.reporters.JUnitReportReporter -->
<testsuite hostname="DS-E06995FCBDC1" name="TESTNG.TES1" tests="1" failures="0" timestamp="17 Jun 2015 18:58:16 GMT" time="26.858" errors="0">
  <testcase name="driverDFTest" time="26.858" classname="TESTNG.TES1"/>
</testsuite> <!-- TESTNG.TES1 -->
